<?xml version="1.0" encoding="UTF-8"?>
<testng-results ignored="0" total="1" passed="1" failed="0" skipped="0">
  <reporter-output>
  </reporter-output>
  <suite started-at="2022-08-03T20:55:47 IST" name="Default suite" finished-at="2022-08-03T20:55:49 IST" duration-ms="1735">
    <groups>
    </groups>
    <test started-at="2022-08-03T20:55:47 IST" name="Default test" finished-at="2022-08-03T20:55:49 IST" duration-ms="1735">
      <class name="api.postdata">
        <test-method is-config="true" signature="startUp()[pri:0, instance:api.postdata@7a55af6b]" started-at="2022-08-03T20:55:47 IST" name="startUp" finished-at="2022-08-03T20:55:47 IST" duration-ms="424" status="PASS">
          <reporter-output>
          </reporter-output>
        </test-method> <!-- startUp -->
        <test-method signature="test_user_created_successfully_using_post_api_method1_body_from_json_file()[pri:0, instance:api.postdata@7a55af6b]" started-at="2022-08-03T20:55:47 IST" name="test_user_created_successfully_using_post_api_method1_body_from_json_file" description="Validate new user is created when create user api is called" finished-at="2022-08-03T20:55:48 IST" duration-ms="1242" status="PASS">
          <reporter-output>
          </reporter-output>
        </test-method> <!-- test_user_created_successfully_using_post_api_method1_body_from_json_file -->
      </class> <!-- api.postdata -->
    </test> <!-- Default test -->
  </suite> <!-- Default suite -->
</testng-results>
